# JRE version: Java(TM) SE Runtime Environment (22.0.2+9) (build 22.0.2+9-70)
# Java VM: Java HotSpot(TM) 64-Bit Server VM (22.0.2+9-70, mixed mode, sharing, tiered, compressed oops, compressed class ptrs, g1 gc, windows-amd64)
GC Precious Log:
 CardTable entry size: 512
 Card Set container configuration: InlinePtr #cards 4 size 8 Array Of Cards #cards 16 size 48 Howl #buckets 8 coarsen threshold 3686 Howl Bitmap #cards 512 size 80 coarsen threshold 460 Card regions per heap region 1 cards per card region 4096
 CPUs: 12 total, 12 available
 Memory: 14225M
 Large Page Support: Disabled
 NUMA Support: Disabled
 Compressed Oops: Enabled (Zero based)
 Heap Region Size: 2M
 Heap Min Capacity: 8M
 Heap Initial Capacity: 224M
 Heap Max Capacity: 3558M
 Pre-touch: Disabled
 Parallel Workers: 10
 Concurrent Workers: 3
 Concurrent Refinement Workers: 10
 Periodic GC: Disabled
Heap:
 garbage-first heap   total reserved 3643392K, committed 83968K, used 66323K [0x0000000721a00000, 0x0000000800000000)
  region size 2048K, 14 young (28672K), 1 survivors (2048K)
 Metaspace       used 78850K, committed 79808K, reserved 1179648K
  class space    used 10302K, committed 10752K, reserved 1048576K
GC Heap History (20 events):
Event: 987.683 GC heap after
{Heap after GC invocations=33 (full 4):
 garbage-first heap   total reserved 3643392K, committed 83968K, used 31085K [0x0000000721a00000, 0x0000000800000000)
  region size 2048K, 2 young (4096K), 2 survivors (4096K)
 Metaspace       used 77167K, committed 78016K, reserved 1179648K
  class space    used 10268K, committed 10624K, reserved 1048576K
}
Event: 1778.898 GC heap before
{Heap before GC invocations=33 (full 4):
 garbage-first heap   total reserved 3643392K, committed 83968K, used 69997K [0x0000000721a00000, 0x0000000800000000)
  region size 2048K, 21 young (43008K), 2 survivors (4096K)
 Metaspace       used 77401K, committed 78208K, reserved 1179648K
  class space    used 10276K, committed 10624K, reserved 1048576K
}
Event: 1778.901 GC heap after
{Heap after GC invocations=34 (full 4):
 garbage-first heap   total reserved 3643392K, committed 83968K, used 32671K [0x0000000721a00000, 0x0000000800000000)
  region size 2048K, 2 young (4096K), 2 survivors (4096K)
 Metaspace       used 77401K, committed 78208K, reserved 1179648K
  class space    used 10276K, committed 10624K, reserved 1048576K
}
Event: 3173.492 GC heap before
{Heap before GC invocations=34 (full 4):
 garbage-first heap   total reserved 3643392K, committed 83968K, used 67487K [0x0000000721a00000, 0x0000000800000000)
  region size 2048K, 19 young (38912K), 2 survivors (4096K)
 Metaspace       used 77441K, committed 78272K, reserved 1179648K
  class space    used 10276K, committed 10624K, reserved 1048576K
}
Event: 3173.494 GC heap after
{Heap after GC invocations=35 (full 4):
 garbage-first heap   total reserved 3643392K, committed 83968K, used 32827K [0x0000000721a00000, 0x0000000800000000)
  region size 2048K, 2 young (4096K), 2 survivors (4096K)
 Metaspace       used 77441K, committed 78272K, reserved 1179648K
  class space    used 10276K, committed 10624K, reserved 1048576K
}
Event: 3510.903 GC heap before
{Heap before GC invocations=35 (full 4):
 garbage-first heap   total reserved 3643392K, committed 83968K, used 41019K [0x0000000721a00000, 0x0000000800000000)
  region size 2048K, 7 young (14336K), 2 survivors (4096K)
 Metaspace       used 77452K, committed 78272K, reserved 1179648K
  class space    used 10277K, committed 10624K, reserved 1048576K
}
Event: 3510.939 GC heap after
{Heap after GC invocations=36 (full 5):
 garbage-first heap   total reserved 3643392K, committed 83968K, used 27471K [0x0000000721a00000, 0x0000000800000000)
  region size 2048K, 0 young (0K), 0 survivors (0K)
 Metaspace       used 77449K, committed 78272K, reserved 1179648K
  class space    used 10276K, committed 10624K, reserved 1048576K
}
Event: 3511.504 GC heap before
{Heap before GC invocations=36 (full 5):
 garbage-first heap   total reserved 3643392K, committed 83968K, used 68431K [0x0000000721a00000, 0x0000000800000000)
  region size 2048K, 21 young (43008K), 0 survivors (0K)
 Metaspace       used 77645K, committed 78528K, reserved 1179648K
  class space    used 10286K, committed 10688K, reserved 1048576K
}
Event: 3511.506 GC heap after
{Heap after GC invocations=37 (full 5):
 garbage-first heap   total reserved 3643392K, committed 83968K, used 31421K [0x0000000721a00000, 0x0000000800000000)
  region size 2048K, 2 young (4096K), 2 survivors (4096K)
 Metaspace       used 77645K, committed 78528K, reserved 1179648K
  class space    used 10286K, committed 10688K, reserved 1048576K
}
Event: 3530.682 GC heap before
{Heap before GC invocations=37 (full 5):
 garbage-first heap   total reserved 3643392K, committed 83968K, used 68285K [0x0000000721a00000, 0x0000000800000000)
  region size 2048K, 20 young (40960K), 2 survivors (4096K)
 Metaspace       used 78177K, committed 79104K, reserved 1179648K
  class space    used 10340K, committed 10752K, reserved 1048576K
}
Event: 3530.686 GC heap after
{Heap after GC invocations=38 (full 5):
 garbage-first heap   total reserved 3643392K, committed 83968K, used 33534K [0x0000000721a00000, 0x0000000800000000)
  region size 2048K, 2 young (4096K), 2 survivors (4096K)
 Metaspace       used 78177K, committed 79104K, reserved 1179648K
  class space    used 10340K, committed 10752K, reserved 1048576K
}
Event: 3547.713 GC heap before
{Heap before GC invocations=38 (full 5):
 garbage-first heap   total reserved 3643392K, committed 83968K, used 64254K [0x0000000721a00000, 0x0000000800000000)
  region size 2048K, 18 young (36864K), 2 survivors (4096K)
 Metaspace       used 78486K, committed 79360K, reserved 1179648K
  class space    used 10355K, committed 10752K, reserved 1048576K
}
Event: 3547.716 GC heap after
{Heap after GC invocations=39 (full 5):
 garbage-first heap   total reserved 3643392K, committed 83968K, used 34453K [0x0000000721a00000, 0x0000000800000000)
  region size 2048K, 2 young (4096K), 2 survivors (4096K)
 Metaspace       used 78486K, committed 79360K, reserved 1179648K
  class space    used 10355K, committed 10752K, reserved 1048576K
}
Event: 3548.029 GC heap before
{Heap before GC invocations=39 (full 5):
 garbage-first heap   total reserved 3643392K, committed 83968K, used 67221K [0x0000000721a00000, 0x0000000800000000)
  region size 2048K, 18 young (36864K), 2 survivors (4096K)
 Metaspace       used 78535K, committed 79488K, reserved 1179648K
  class space    used 10357K, committed 10752K, reserved 1048576K
}
Event: 3548.032 GC heap after
{Heap after GC invocations=40 (full 5):
 garbage-first heap   total reserved 3643392K, committed 83968K, used 36854K [0x0000000721a00000, 0x0000000800000000)
  region size 2048K, 3 young (6144K), 3 survivors (6144K)
 Metaspace       used 78535K, committed 79488K, reserved 1179648K
  class space    used 10357K, committed 10752K, reserved 1048576K
}
Event: 3592.362 GC heap before
{Heap before GC invocations=40 (full 5):
 garbage-first heap   total reserved 3643392K, committed 83968K, used 61430K [0x0000000721a00000, 0x0000000800000000)
  region size 2048K, 16 young (32768K), 3 survivors (6144K)
 Metaspace       used 78925K, committed 79808K, reserved 1179648K
  class space    used 10374K, committed 10752K, reserved 1048576K
}
Event: 3592.365 GC heap after
{Heap after GC invocations=41 (full 5):
 garbage-first heap   total reserved 3643392K, committed 83968K, used 38072K [0x0000000721a00000, 0x0000000800000000)
  region size 2048K, 2 young (4096K), 2 survivors (4096K)
 Metaspace       used 78925K, committed 79808K, reserved 1179648K
  class space    used 10374K, committed 10752K, reserved 1048576K
}
Event: 3594.275 GC heap before
{Heap before GC invocations=42 (full 5):
 garbage-first heap   total reserved 3643392K, committed 83968K, used 64696K [0x0000000721a00000, 0x0000000800000000)
  region size 2048K, 15 young (30720K), 2 survivors (4096K)
 Metaspace       used 78664K, committed 79808K, reserved 1179648K
  class space    used 10291K, committed 10752K, reserved 1048576K
}
Event: 3594.277 GC heap after
{Heap after GC invocations=43 (full 5):
 garbage-first heap   total reserved 3643392K, committed 83968K, used 39699K [0x0000000721a00000, 0x0000000800000000)
  region size 2048K, 2 young (4096K), 2 survivors (4096K)
 Metaspace       used 78664K, committed 79808K, reserved 1179648K
  class space    used 10291K, committed 10752K, reserved 1048576K
}
Event: 3768.316 GC heap before
{Heap before GC invocations=43 (full 5):
 garbage-first heap   total reserved 3643392K, committed 83968K, used 66323K [0x0000000721a00000, 0x0000000800000000)
  region size 2048K, 15 young (30720K), 2 survivors (4096K)
 Metaspace       used 78850K, committed 79808K, reserved 1179648K
  class space    used 10302K, committed 10752K, reserved 1048576K
}

